2018-02-15 08:44:44.558  INFO 19522 --- [main] com.springboot.jpa.UserserviceTest       : Starting UserserviceTest on alexs-mbp with PID 19522 (started by alex in /Users/alex/Documents/workspace/BE/Springboot-Jpa-MySQL-UnitTest)
2018-02-15 08:44:44.560  INFO 19522 --- [main] com.springboot.jpa.UserserviceTest       : The following profiles are active: prod
2018-02-15 08:44:44.593  INFO 19522 --- [main] o.s.w.c.s.GenericWebApplicationContext   : Refreshing org.springframework.web.context.support.GenericWebApplicationContext@5f16132a: startup date [Thu Feb 15 08:44:44 CST 2018]; root of context hierarchy
2018-02-15 08:44:45.375  INFO 19522 --- [main] trationDelegate$BeanPostProcessorChecker : Bean 'org.springframework.transaction.annotation.ProxyTransactionManagementConfiguration' of type [org.springframework.transaction.annotation.ProxyTransactionManagementConfiguration$$EnhancerBySpringCGLIB$$404d330d] is not eligible for getting processed by all BeanPostProcessors (for example: not eligible for auto-proxying)
2018-02-15 08:44:46.024  INFO 19522 --- [main] j.LocalContainerEntityManagerFactoryBean : Building JPA container EntityManagerFactory for persistence unit 'default'
2018-02-15 08:44:46.045  INFO 19522 --- [main] o.hibernate.jpa.internal.util.LogHelper  : HHH000204: Processing PersistenceUnitInfo [
	name: default
	...]
2018-02-15 08:44:46.146  INFO 19522 --- [main] org.hibernate.Version                    : HHH000412: Hibernate Core {5.0.12.Final}
2018-02-15 08:44:46.147  INFO 19522 --- [main] org.hibernate.cfg.Environment            : HHH000206: hibernate.properties not found
2018-02-15 08:44:46.149  INFO 19522 --- [main] org.hibernate.cfg.Environment            : HHH000021: Bytecode provider name : javassist
2018-02-15 08:44:46.192  INFO 19522 --- [main] o.hibernate.annotations.common.Version   : HCANN000001: Hibernate Commons Annotations {5.0.1.Final}
2018-02-15 08:44:46.321  INFO 19522 --- [main] org.hibernate.dialect.Dialect            : HHH000400: Using dialect: org.hibernate.dialect.MySQL5Dialect
2018-02-15 08:44:46.804  INFO 19522 --- [main] j.LocalContainerEntityManagerFactoryBean : Initialized JPA EntityManagerFactory for persistence unit 'default'
2018-02-15 08:44:46.824  WARN 19522 --- [main] o.s.w.c.s.GenericWebApplicationContext   : Exception encountered during context initialization - cancelling refresh attempt: org.springframework.beans.factory.UnsatisfiedDependencyException: Error creating bean with name 'helloController': Unsatisfied dependency expressed through field 'mConfigBean'; nested exception is org.springframework.beans.factory.NoSuchBeanDefinitionException: No qualifying bean of type 'com.springboot.jpa.config.ConfigBean' available: expected at least 1 bean which qualifies as autowire candidate. Dependency annotations: {@org.springframework.beans.factory.annotation.Autowired(required=true)}
2018-02-15 08:44:46.824  INFO 19522 --- [main] j.LocalContainerEntityManagerFactoryBean : Closing JPA EntityManagerFactory for persistence unit 'default'
2018-02-15 08:44:46.832  INFO 19522 --- [main] utoConfigurationReportLoggingInitializer : 

Error starting ApplicationContext. To display the auto-configuration report re-run your application with 'debug' enabled.
2018-02-15 08:44:46.896 ERROR 19522 --- [main] o.s.b.d.LoggingFailureAnalysisReporter   : 

***************************
APPLICATION FAILED TO START
***************************

Description:

Field mConfigBean in com.springboot.jpa.controller.HelloController required a bean of type 'com.springboot.jpa.config.ConfigBean' that could not be found.


Action:

Consider defining a bean of type 'com.springboot.jpa.config.ConfigBean' in your configuration.

2018-02-15 08:44:46.903 ERROR 19522 --- [main] o.s.test.context.TestContextManager      : Caught exception while allowing TestExecutionListener [org.springframework.test.context.web.ServletTestExecutionListener@5c18298f] to prepare test instance [com.springboot.jpa.UserserviceTest@7061622]

java.lang.IllegalStateException: Failed to load ApplicationContext
	at org.springframework.test.context.cache.DefaultCacheAwareContextLoaderDelegate.loadContext(DefaultCacheAwareContextLoaderDelegate.java:124) ~[spring-test-4.3.14.RELEASE.jar:4.3.14.RELEASE]
	at org.springframework.test.context.support.DefaultTestContext.getApplicationContext(DefaultTestContext.java:83) ~[spring-test-4.3.14.RELEASE.jar:4.3.14.RELEASE]
	at org.springframework.test.context.web.ServletTestExecutionListener.setUpRequestContextIfNecessary(ServletTestExecutionListener.java:189) ~[spring-test-4.3.14.RELEASE.jar:4.3.14.RELEASE]
	at org.springframework.test.context.web.ServletTestExecutionListener.prepareTestInstance(ServletTestExecutionListener.java:131) ~[spring-test-4.3.14.RELEASE.jar:4.3.14.RELEASE]
	at org.springframework.test.context.TestContextManager.prepareTestInstance(TestContextManager.java:230) ~[spring-test-4.3.14.RELEASE.jar:4.3.14.RELEASE]
	at org.springframework.test.context.junit4.SpringJUnit4ClassRunner.createTest(SpringJUnit4ClassRunner.java:228) [spring-test-4.3.14.RELEASE.jar:4.3.14.RELEASE]
	at org.springframework.test.context.junit4.SpringJUnit4ClassRunner$1.runReflectiveCall(SpringJUnit4ClassRunner.java:287) [spring-test-4.3.14.RELEASE.jar:4.3.14.RELEASE]
	at org.junit.internal.runners.model.ReflectiveCallable.run(ReflectiveCallable.java:12) [junit-4.12.jar:4.12]
	at org.springframework.test.context.junit4.SpringJUnit4ClassRunner.methodBlock(SpringJUnit4ClassRunner.java:289) [spring-test-4.3.14.RELEASE.jar:4.3.14.RELEASE]
	at org.springframework.test.context.junit4.SpringJUnit4ClassRunner.runChild(SpringJUnit4ClassRunner.java:247) [spring-test-4.3.14.RELEASE.jar:4.3.14.RELEASE]
	at org.springframework.test.context.junit4.SpringJUnit4ClassRunner.runChild(SpringJUnit4ClassRunner.java:94) [spring-test-4.3.14.RELEASE.jar:4.3.14.RELEASE]
	at org.junit.runners.ParentRunner$3.run(ParentRunner.java:290) [junit-4.12.jar:4.12]
	at org.junit.runners.ParentRunner$1.schedule(ParentRunner.java:71) [junit-4.12.jar:4.12]
	at org.junit.runners.ParentRunner.runChildren(ParentRunner.java:288) [junit-4.12.jar:4.12]
	at org.junit.runners.ParentRunner.access$000(ParentRunner.java:58) [junit-4.12.jar:4.12]
	at org.junit.runners.ParentRunner$2.evaluate(ParentRunner.java:268) [junit-4.12.jar:4.12]
	at org.springframework.test.context.junit4.statements.RunBeforeTestClassCallbacks.evaluate(RunBeforeTestClassCallbacks.java:61) [spring-test-4.3.14.RELEASE.jar:4.3.14.RELEASE]
	at org.springframework.test.context.junit4.statements.RunAfterTestClassCallbacks.evaluate(RunAfterTestClassCallbacks.java:70) [spring-test-4.3.14.RELEASE.jar:4.3.14.RELEASE]
	at org.junit.runners.ParentRunner.run(ParentRunner.java:363) [junit-4.12.jar:4.12]
	at org.springframework.test.context.junit4.SpringJUnit4ClassRunner.run(SpringJUnit4ClassRunner.java:191) [spring-test-4.3.14.RELEASE.jar:4.3.14.RELEASE]
	at org.eclipse.jdt.internal.junit4.runner.JUnit4TestReference.run(JUnit4TestReference.java:86) [.cp/:na]
	at org.eclipse.jdt.internal.junit.runner.TestExecution.run(TestExecution.java:38) [.cp/:na]
	at org.eclipse.jdt.internal.junit.runner.RemoteTestRunner.runTests(RemoteTestRunner.java:538) [.cp/:na]
	at org.eclipse.jdt.internal.junit.runner.RemoteTestRunner.runTests(RemoteTestRunner.java:760) [.cp/:na]
	at org.eclipse.jdt.internal.junit.runner.RemoteTestRunner.run(RemoteTestRunner.java:460) [.cp/:na]
	at org.eclipse.jdt.internal.junit.runner.RemoteTestRunner.main(RemoteTestRunner.java:206) [.cp/:na]
Caused by: org.springframework.beans.factory.UnsatisfiedDependencyException: Error creating bean with name 'helloController': Unsatisfied dependency expressed through field 'mConfigBean'; nested exception is org.springframework.beans.factory.NoSuchBeanDefinitionException: No qualifying bean of type 'com.springboot.jpa.config.ConfigBean' available: expected at least 1 bean which qualifies as autowire candidate. Dependency annotations: {@org.springframework.beans.factory.annotation.Autowired(required=true)}
	at org.springframework.beans.factory.annotation.AutowiredAnnotationBeanPostProcessor$AutowiredFieldElement.inject(AutowiredAnnotationBeanPostProcessor.java:588) ~[spring-beans-4.3.14.RELEASE.jar:4.3.14.RELEASE]
	at org.springframework.beans.factory.annotation.InjectionMetadata.inject(InjectionMetadata.java:88) ~[spring-beans-4.3.14.RELEASE.jar:4.3.14.RELEASE]
	at org.springframework.beans.factory.annotation.AutowiredAnnotationBeanPostProcessor.postProcessPropertyValues(AutowiredAnnotationBeanPostProcessor.java:366) ~[spring-beans-4.3.14.RELEASE.jar:4.3.14.RELEASE]
	at org.springframework.beans.factory.support.AbstractAutowireCapableBeanFactory.populateBean(AbstractAutowireCapableBeanFactory.java:1264) ~[spring-beans-4.3.14.RELEASE.jar:4.3.14.RELEASE]
	at org.springframework.beans.factory.support.AbstractAutowireCapableBeanFactory.doCreateBean(AbstractAutowireCapableBeanFactory.java:553) ~[spring-beans-4.3.14.RELEASE.jar:4.3.14.RELEASE]
	at org.springframework.beans.factory.support.AbstractAutowireCapableBeanFactory.createBean(AbstractAutowireCapableBeanFactory.java:483) ~[spring-beans-4.3.14.RELEASE.jar:4.3.14.RELEASE]
	at org.springframework.beans.factory.support.AbstractBeanFactory$1.getObject(AbstractBeanFactory.java:306) ~[spring-beans-4.3.14.RELEASE.jar:4.3.14.RELEASE]
	at org.springframework.beans.factory.support.DefaultSingletonBeanRegistry.getSingleton(DefaultSingletonBeanRegistry.java:230) ~[spring-beans-4.3.14.RELEASE.jar:4.3.14.RELEASE]
	at org.springframework.beans.factory.support.AbstractBeanFactory.doGetBean(AbstractBeanFactory.java:302) ~[spring-beans-4.3.14.RELEASE.jar:4.3.14.RELEASE]
	at org.springframework.beans.factory.support.AbstractBeanFactory.getBean(AbstractBeanFactory.java:197) ~[spring-beans-4.3.14.RELEASE.jar:4.3.14.RELEASE]
	at org.springframework.beans.factory.support.DefaultListableBeanFactory.preInstantiateSingletons(DefaultListableBeanFactory.java:761) ~[spring-beans-4.3.14.RELEASE.jar:4.3.14.RELEASE]
	at org.springframework.context.support.AbstractApplicationContext.finishBeanFactoryInitialization(AbstractApplicationContext.java:867) ~[spring-context-4.3.14.RELEASE.jar:4.3.14.RELEASE]
	at org.springframework.context.support.AbstractApplicationContext.refresh(AbstractApplicationContext.java:543) ~[spring-context-4.3.14.RELEASE.jar:4.3.14.RELEASE]
	at org.springframework.boot.SpringApplication.refresh(SpringApplication.java:693) ~[spring-boot-1.5.10.RELEASE.jar:1.5.10.RELEASE]
	at org.springframework.boot.SpringApplication.refreshContext(SpringApplication.java:360) ~[spring-boot-1.5.10.RELEASE.jar:1.5.10.RELEASE]
	at org.springframework.boot.SpringApplication.run(SpringApplication.java:303) ~[spring-boot-1.5.10.RELEASE.jar:1.5.10.RELEASE]
	at org.springframework.boot.test.context.SpringBootContextLoader.loadContext(SpringBootContextLoader.java:120) ~[spring-boot-test-1.5.10.RELEASE.jar:1.5.10.RELEASE]
	at org.springframework.test.context.cache.DefaultCacheAwareContextLoaderDelegate.loadContextInternal(DefaultCacheAwareContextLoaderDelegate.java:98) ~[spring-test-4.3.14.RELEASE.jar:4.3.14.RELEASE]
	at org.springframework.test.context.cache.DefaultCacheAwareContextLoaderDelegate.loadContext(DefaultCacheAwareContextLoaderDelegate.java:116) ~[spring-test-4.3.14.RELEASE.jar:4.3.14.RELEASE]
	... 25 common frames omitted
Caused by: org.springframework.beans.factory.NoSuchBeanDefinitionException: No qualifying bean of type 'com.springboot.jpa.config.ConfigBean' available: expected at least 1 bean which qualifies as autowire candidate. Dependency annotations: {@org.springframework.beans.factory.annotation.Autowired(required=true)}
	at org.springframework.beans.factory.support.DefaultListableBeanFactory.raiseNoMatchingBeanFound(DefaultListableBeanFactory.java:1493) ~[spring-beans-4.3.14.RELEASE.jar:4.3.14.RELEASE]
	at org.springframework.beans.factory.support.DefaultListableBeanFactory.doResolveDependency(DefaultListableBeanFactory.java:1104) ~[spring-beans-4.3.14.RELEASE.jar:4.3.14.RELEASE]
	at org.springframework.beans.factory.support.DefaultListableBeanFactory.resolveDependency(DefaultListableBeanFactory.java:1066) ~[spring-beans-4.3.14.RELEASE.jar:4.3.14.RELEASE]
	at org.springframework.beans.factory.annotation.AutowiredAnnotationBeanPostProcessor$AutowiredFieldElement.inject(AutowiredAnnotationBeanPostProcessor.java:585) ~[spring-beans-4.3.14.RELEASE.jar:4.3.14.RELEASE]
	... 43 common frames omitted

2018-02-15 08:46:36.270  INFO 19527 --- [main] .j.SpringbootJpaMySqlUnitTestApplication : Starting SpringbootJpaMySqlUnitTestApplication on alexs-mbp with PID 19527 (/Users/alex/Documents/workspace/BE/Springboot-Jpa-MySQL-UnitTest/target/classes started by alex in /Users/alex/Documents/workspace/BE/Springboot-Jpa-MySQL-UnitTest)
2018-02-15 08:46:36.271  INFO 19527 --- [main] .j.SpringbootJpaMySqlUnitTestApplication : The following profiles are active: prod
2018-02-15 08:46:36.299  INFO 19527 --- [main] ationConfigEmbeddedWebApplicationContext : Refreshing org.springframework.boot.context.embedded.AnnotationConfigEmbeddedWebApplicationContext@23282c25: startup date [Thu Feb 15 08:46:36 CST 2018]; root of context hierarchy
2018-02-15 08:46:36.827  INFO 19527 --- [main] trationDelegate$BeanPostProcessorChecker : Bean 'org.springframework.transaction.annotation.ProxyTransactionManagementConfiguration' of type [org.springframework.transaction.annotation.ProxyTransactionManagementConfiguration$$EnhancerBySpringCGLIB$$264c6015] is not eligible for getting processed by all BeanPostProcessors (for example: not eligible for auto-proxying)
2018-02-15 08:46:37.103  INFO 19527 --- [main] s.b.c.e.t.TomcatEmbeddedServletContainer : Tomcat initialized with port(s): 8080 (http)
2018-02-15 08:46:37.115  INFO 19527 --- [main] o.apache.catalina.core.StandardService   : Starting service [Tomcat]
2018-02-15 08:46:37.118  INFO 19527 --- [main] org.apache.catalina.core.StandardEngine  : Starting Servlet Engine: Apache Tomcat/8.5.27
2018-02-15 08:46:37.191  INFO 19527 --- [localhost-startStop-1] o.a.c.c.C.[Tomcat].[localhost].[/]       : Initializing Spring embedded WebApplicationContext
2018-02-15 08:46:37.191  INFO 19527 --- [localhost-startStop-1] o.s.web.context.ContextLoader            : Root WebApplicationContext: initialization completed in 894 ms
2018-02-15 08:46:37.311  INFO 19527 --- [localhost-startStop-1] o.s.b.w.servlet.ServletRegistrationBean  : Mapping servlet: 'dispatcherServlet' to [/]
2018-02-15 08:46:37.314  INFO 19527 --- [localhost-startStop-1] o.s.b.w.servlet.FilterRegistrationBean   : Mapping filter: 'characterEncodingFilter' to: [/*]
2018-02-15 08:46:37.314  INFO 19527 --- [localhost-startStop-1] o.s.b.w.servlet.FilterRegistrationBean   : Mapping filter: 'hiddenHttpMethodFilter' to: [/*]
2018-02-15 08:46:37.315  INFO 19527 --- [localhost-startStop-1] o.s.b.w.servlet.FilterRegistrationBean   : Mapping filter: 'httpPutFormContentFilter' to: [/*]
2018-02-15 08:46:37.315  INFO 19527 --- [localhost-startStop-1] o.s.b.w.servlet.FilterRegistrationBean   : Mapping filter: 'requestContextFilter' to: [/*]
2018-02-15 08:46:37.731  INFO 19527 --- [main] j.LocalContainerEntityManagerFactoryBean : Building JPA container EntityManagerFactory for persistence unit 'default'
2018-02-15 08:46:37.740  INFO 19527 --- [main] o.hibernate.jpa.internal.util.LogHelper  : HHH000204: Processing PersistenceUnitInfo [
	name: default
	...]
2018-02-15 08:46:37.781  INFO 19527 --- [main] org.hibernate.Version                    : HHH000412: Hibernate Core {5.0.12.Final}
2018-02-15 08:46:37.782  INFO 19527 --- [main] org.hibernate.cfg.Environment            : HHH000206: hibernate.properties not found
2018-02-15 08:46:37.782  INFO 19527 --- [main] org.hibernate.cfg.Environment            : HHH000021: Bytecode provider name : javassist
2018-02-15 08:46:37.808  INFO 19527 --- [main] o.hibernate.annotations.common.Version   : HCANN000001: Hibernate Commons Annotations {5.0.1.Final}
2018-02-15 08:46:37.869  INFO 19527 --- [main] org.hibernate.dialect.Dialect            : HHH000400: Using dialect: org.hibernate.dialect.MySQL5Dialect
2018-02-15 08:46:38.140  INFO 19527 --- [main] j.LocalContainerEntityManagerFactoryBean : Initialized JPA EntityManagerFactory for persistence unit 'default'
2018-02-15 08:46:38.153  WARN 19527 --- [main] ationConfigEmbeddedWebApplicationContext : Exception encountered during context initialization - cancelling refresh attempt: org.springframework.beans.factory.UnsatisfiedDependencyException: Error creating bean with name 'helloController': Unsatisfied dependency expressed through field 'mConfigBean'; nested exception is org.springframework.beans.factory.NoSuchBeanDefinitionException: No qualifying bean of type 'com.springboot.jpa.config.ConfigBean' available: expected at least 1 bean which qualifies as autowire candidate. Dependency annotations: {@org.springframework.beans.factory.annotation.Autowired(required=true)}
2018-02-15 08:46:38.153  INFO 19527 --- [main] j.LocalContainerEntityManagerFactoryBean : Closing JPA EntityManagerFactory for persistence unit 'default'
2018-02-15 08:46:38.157  INFO 19527 --- [main] o.apache.catalina.core.StandardService   : Stopping service [Tomcat]
2018-02-15 08:46:38.164  INFO 19527 --- [main] utoConfigurationReportLoggingInitializer : 

Error starting ApplicationContext. To display the auto-configuration report re-run your application with 'debug' enabled.
2018-02-15 08:46:38.203 ERROR 19527 --- [main] o.s.b.d.LoggingFailureAnalysisReporter   : 

***************************
APPLICATION FAILED TO START
***************************

Description:

Field mConfigBean in com.springboot.jpa.controller.HelloController required a bean of type 'com.springboot.jpa.config.ConfigBean' that could not be found.


Action:

Consider defining a bean of type 'com.springboot.jpa.config.ConfigBean' in your configuration.

2018-02-15 08:48:13.201  INFO 19530 --- [main] .j.SpringbootJpaMySqlUnitTestApplication : Starting SpringbootJpaMySqlUnitTestApplication on alexs-mbp with PID 19530 (/Users/alex/Documents/workspace/BE/Springboot-Jpa-MySQL-UnitTest/target/classes started by alex in /Users/alex/Documents/workspace/BE/Springboot-Jpa-MySQL-UnitTest)
2018-02-15 08:48:13.203  INFO 19530 --- [main] .j.SpringbootJpaMySqlUnitTestApplication : The following profiles are active: prod
2018-02-15 08:48:13.232  INFO 19530 --- [main] ationConfigEmbeddedWebApplicationContext : Refreshing org.springframework.boot.context.embedded.AnnotationConfigEmbeddedWebApplicationContext@23282c25: startup date [Thu Feb 15 08:48:13 CST 2018]; root of context hierarchy
2018-02-15 08:48:13.767  INFO 19530 --- [main] trationDelegate$BeanPostProcessorChecker : Bean 'org.springframework.transaction.annotation.ProxyTransactionManagementConfiguration' of type [org.springframework.transaction.annotation.ProxyTransactionManagementConfiguration$$EnhancerBySpringCGLIB$$3e5d0651] is not eligible for getting processed by all BeanPostProcessors (for example: not eligible for auto-proxying)
2018-02-15 08:48:13.975  INFO 19530 --- [main] s.b.c.e.t.TomcatEmbeddedServletContainer : Tomcat initialized with port(s): 8080 (http)
2018-02-15 08:48:13.983  INFO 19530 --- [main] o.apache.catalina.core.StandardService   : Starting service [Tomcat]
2018-02-15 08:48:13.984  INFO 19530 --- [main] org.apache.catalina.core.StandardEngine  : Starting Servlet Engine: Apache Tomcat/8.5.27
2018-02-15 08:48:14.036  INFO 19530 --- [localhost-startStop-1] o.a.c.c.C.[Tomcat].[localhost].[/]       : Initializing Spring embedded WebApplicationContext
2018-02-15 08:48:14.036  INFO 19530 --- [localhost-startStop-1] o.s.web.context.ContextLoader            : Root WebApplicationContext: initialization completed in 807 ms
2018-02-15 08:48:14.135  INFO 19530 --- [localhost-startStop-1] o.s.b.w.servlet.ServletRegistrationBean  : Mapping servlet: 'dispatcherServlet' to [/]
2018-02-15 08:48:14.137  INFO 19530 --- [localhost-startStop-1] o.s.b.w.servlet.FilterRegistrationBean   : Mapping filter: 'characterEncodingFilter' to: [/*]
2018-02-15 08:48:14.140  INFO 19530 --- [localhost-startStop-1] o.s.b.w.servlet.FilterRegistrationBean   : Mapping filter: 'hiddenHttpMethodFilter' to: [/*]
2018-02-15 08:48:14.140  INFO 19530 --- [localhost-startStop-1] o.s.b.w.servlet.FilterRegistrationBean   : Mapping filter: 'httpPutFormContentFilter' to: [/*]
2018-02-15 08:48:14.140  INFO 19530 --- [localhost-startStop-1] o.s.b.w.servlet.FilterRegistrationBean   : Mapping filter: 'requestContextFilter' to: [/*]
2018-02-15 08:48:14.532  INFO 19530 --- [main] j.LocalContainerEntityManagerFactoryBean : Building JPA container EntityManagerFactory for persistence unit 'default'
2018-02-15 08:48:14.541  INFO 19530 --- [main] o.hibernate.jpa.internal.util.LogHelper  : HHH000204: Processing PersistenceUnitInfo [
	name: default
	...]
2018-02-15 08:48:14.578  INFO 19530 --- [main] org.hibernate.Version                    : HHH000412: Hibernate Core {5.0.12.Final}
2018-02-15 08:48:14.578  INFO 19530 --- [main] org.hibernate.cfg.Environment            : HHH000206: hibernate.properties not found
2018-02-15 08:48:14.579  INFO 19530 --- [main] org.hibernate.cfg.Environment            : HHH000021: Bytecode provider name : javassist
2018-02-15 08:48:14.602  INFO 19530 --- [main] o.hibernate.annotations.common.Version   : HCANN000001: Hibernate Commons Annotations {5.0.1.Final}
2018-02-15 08:48:14.665  INFO 19530 --- [main] org.hibernate.dialect.Dialect            : HHH000400: Using dialect: org.hibernate.dialect.MySQL5Dialect
2018-02-15 08:48:14.932  INFO 19530 --- [main] j.LocalContainerEntityManagerFactoryBean : Initialized JPA EntityManagerFactory for persistence unit 'default'
2018-02-15 08:48:14.946  WARN 19530 --- [main] ationConfigEmbeddedWebApplicationContext : Exception encountered during context initialization - cancelling refresh attempt: org.springframework.beans.factory.UnsatisfiedDependencyException: Error creating bean with name 'helloController': Unsatisfied dependency expressed through field 'mConfigBean'; nested exception is org.springframework.beans.factory.NoSuchBeanDefinitionException: No qualifying bean of type 'com.springboot.jpa.config.ConfigBean' available: expected at least 1 bean which qualifies as autowire candidate. Dependency annotations: {@org.springframework.beans.factory.annotation.Autowired(required=true)}
2018-02-15 08:48:14.947  INFO 19530 --- [main] j.LocalContainerEntityManagerFactoryBean : Closing JPA EntityManagerFactory for persistence unit 'default'
2018-02-15 08:48:14.950  INFO 19530 --- [main] o.apache.catalina.core.StandardService   : Stopping service [Tomcat]
2018-02-15 08:48:14.958  INFO 19530 --- [main] utoConfigurationReportLoggingInitializer : 

Error starting ApplicationContext. To display the auto-configuration report re-run your application with 'debug' enabled.
2018-02-15 08:48:14.999 ERROR 19530 --- [main] o.s.b.d.LoggingFailureAnalysisReporter   : 

***************************
APPLICATION FAILED TO START
***************************

Description:

Field mConfigBean in com.springboot.jpa.controller.HelloController required a bean of type 'com.springboot.jpa.config.ConfigBean' that could not be found.


Action:

Consider defining a bean of type 'com.springboot.jpa.config.ConfigBean' in your configuration.

2018-02-15 08:52:10.125  INFO 19542 --- [main] com.springboot.jpa.UserserviceTest       : Starting UserserviceTest on alexs-mbp with PID 19542 (started by alex in /Users/alex/Documents/workspace/BE/Springboot-Jpa-MySQL-UnitTest)
2018-02-15 08:52:10.126  INFO 19542 --- [main] com.springboot.jpa.UserserviceTest       : The following profiles are active: prod
2018-02-15 08:52:10.155  INFO 19542 --- [main] o.s.w.c.s.GenericWebApplicationContext   : Refreshing org.springframework.web.context.support.GenericWebApplicationContext@3c947bc5: startup date [Thu Feb 15 08:52:10 CST 2018]; root of context hierarchy
2018-02-15 08:52:10.894  INFO 19542 --- [main] trationDelegate$BeanPostProcessorChecker : Bean 'org.springframework.transaction.annotation.ProxyTransactionManagementConfiguration' of type [org.springframework.transaction.annotation.ProxyTransactionManagementConfiguration$$EnhancerBySpringCGLIB$$ff9a57bb] is not eligible for getting processed by all BeanPostProcessors (for example: not eligible for auto-proxying)
2018-02-15 08:52:11.504  INFO 19542 --- [main] j.LocalContainerEntityManagerFactoryBean : Building JPA container EntityManagerFactory for persistence unit 'default'
2018-02-15 08:52:11.519  INFO 19542 --- [main] o.hibernate.jpa.internal.util.LogHelper  : HHH000204: Processing PersistenceUnitInfo [
	name: default
	...]
2018-02-15 08:52:11.592  INFO 19542 --- [main] org.hibernate.Version                    : HHH000412: Hibernate Core {5.0.12.Final}
2018-02-15 08:52:11.593  INFO 19542 --- [main] org.hibernate.cfg.Environment            : HHH000206: hibernate.properties not found
2018-02-15 08:52:11.595  INFO 19542 --- [main] org.hibernate.cfg.Environment            : HHH000021: Bytecode provider name : javassist
2018-02-15 08:52:11.627  INFO 19542 --- [main] o.hibernate.annotations.common.Version   : HCANN000001: Hibernate Commons Annotations {5.0.1.Final}
2018-02-15 08:52:11.718  INFO 19542 --- [main] org.hibernate.dialect.Dialect            : HHH000400: Using dialect: org.hibernate.dialect.MySQL5Dialect
2018-02-15 08:52:12.105  INFO 19542 --- [main] j.LocalContainerEntityManagerFactoryBean : Initialized JPA EntityManagerFactory for persistence unit 'default'
2018-02-15 08:52:12.342  INFO 19542 --- [main] o.h.h.i.QueryTranslatorFactoryInitiator  : HHH000397: Using ASTQueryTranslatorFactory
2018-02-15 08:52:12.892  INFO 19542 --- [main] s.w.s.m.m.a.RequestMappingHandlerAdapter : Looking for @ControllerAdvice: org.springframework.web.context.support.GenericWebApplicationContext@3c947bc5: startup date [Thu Feb 15 08:52:10 CST 2018]; root of context hierarchy
2018-02-15 08:52:12.965  INFO 19542 --- [main] s.w.s.m.m.a.RequestMappingHandlerMapping : Mapped "{[/hello]}" onto public java.lang.String com.springboot.jpa.controller.HelloController.index()
2018-02-15 08:52:12.966  INFO 19542 --- [main] s.w.s.m.m.a.RequestMappingHandlerMapping : Mapped "{[/findByName]}" onto public com.springboot.jpa.entity.User com.springboot.jpa.controller.HelloController.findByUsername(java.lang.String)
2018-02-15 08:52:12.967  INFO 19542 --- [main] s.w.s.m.m.a.RequestMappingHandlerMapping : Mapped "{[/findUser]}" onto public com.springboot.jpa.entity.User com.springboot.jpa.controller.HelloController.findUser(java.lang.String)
2018-02-15 08:52:12.967  INFO 19542 --- [main] s.w.s.m.m.a.RequestMappingHandlerMapping : Mapped "{[/save]}" onto public java.lang.String com.springboot.jpa.controller.HelloController.saveData()
2018-02-15 08:52:12.969  INFO 19542 --- [main] s.w.s.m.m.a.RequestMappingHandlerMapping : Mapped "{[/error]}" onto public org.springframework.http.ResponseEntity<java.util.Map<java.lang.String, java.lang.Object>> org.springframework.boot.autoconfigure.web.BasicErrorController.error(javax.servlet.http.HttpServletRequest)
2018-02-15 08:52:12.969  INFO 19542 --- [main] s.w.s.m.m.a.RequestMappingHandlerMapping : Mapped "{[/error],produces=[text/html]}" onto public org.springframework.web.servlet.ModelAndView org.springframework.boot.autoconfigure.web.BasicErrorController.errorHtml(javax.servlet.http.HttpServletRequest,javax.servlet.http.HttpServletResponse)
2018-02-15 08:52:12.995  INFO 19542 --- [main] o.s.w.s.handler.SimpleUrlHandlerMapping  : Mapped URL path [/webjars/**] onto handler of type [class org.springframework.web.servlet.resource.ResourceHttpRequestHandler]
2018-02-15 08:52:12.995  INFO 19542 --- [main] o.s.w.s.handler.SimpleUrlHandlerMapping  : Mapped URL path [/**] onto handler of type [class org.springframework.web.servlet.resource.ResourceHttpRequestHandler]
2018-02-15 08:52:13.028  INFO 19542 --- [main] o.s.w.s.handler.SimpleUrlHandlerMapping  : Mapped URL path [/**/favicon.ico] onto handler of type [class org.springframework.web.servlet.resource.ResourceHttpRequestHandler]
2018-02-15 08:52:13.249  INFO 19542 --- [main] com.springboot.jpa.UserserviceTest       : Started UserserviceTest in 3.343 seconds (JVM running for 3.865)
2018-02-15 08:52:13.349  INFO 19542 --- [Thread-3] o.s.w.c.s.GenericWebApplicationContext   : Closing org.springframework.web.context.support.GenericWebApplicationContext@3c947bc5: startup date [Thu Feb 15 08:52:10 CST 2018]; root of context hierarchy
2018-02-15 08:52:13.351  INFO 19542 --- [Thread-3] j.LocalContainerEntityManagerFactoryBean : Closing JPA EntityManagerFactory for persistence unit 'default'
2018-02-15 08:52:37.186  INFO 19544 --- [main] com.springboot.jpa.UserserviceTest       : Starting UserserviceTest on alexs-mbp with PID 19544 (started by alex in /Users/alex/Documents/workspace/BE/Springboot-Jpa-MySQL-UnitTest)
2018-02-15 08:52:37.187  INFO 19544 --- [main] com.springboot.jpa.UserserviceTest       : The following profiles are active: prod
2018-02-15 08:52:37.216  INFO 19544 --- [main] o.s.w.c.s.GenericWebApplicationContext   : Refreshing org.springframework.web.context.support.GenericWebApplicationContext@3c947bc5: startup date [Thu Feb 15 08:52:37 CST 2018]; root of context hierarchy
2018-02-15 08:52:37.950  INFO 19544 --- [main] trationDelegate$BeanPostProcessorChecker : Bean 'org.springframework.transaction.annotation.ProxyTransactionManagementConfiguration' of type [org.springframework.transaction.annotation.ProxyTransactionManagementConfiguration$$EnhancerBySpringCGLIB$$51e06e95] is not eligible for getting processed by all BeanPostProcessors (for example: not eligible for auto-proxying)
2018-02-15 08:52:38.574  INFO 19544 --- [main] j.LocalContainerEntityManagerFactoryBean : Building JPA container EntityManagerFactory for persistence unit 'default'
2018-02-15 08:52:38.590  INFO 19544 --- [main] o.hibernate.jpa.internal.util.LogHelper  : HHH000204: Processing PersistenceUnitInfo [
	name: default
	...]
2018-02-15 08:52:38.652  INFO 19544 --- [main] org.hibernate.Version                    : HHH000412: Hibernate Core {5.0.12.Final}
2018-02-15 08:52:38.654  INFO 19544 --- [main] org.hibernate.cfg.Environment            : HHH000206: hibernate.properties not found
2018-02-15 08:52:38.655  INFO 19544 --- [main] org.hibernate.cfg.Environment            : HHH000021: Bytecode provider name : javassist
2018-02-15 08:52:38.690  INFO 19544 --- [main] o.hibernate.annotations.common.Version   : HCANN000001: Hibernate Commons Annotations {5.0.1.Final}
2018-02-15 08:52:38.779  INFO 19544 --- [main] org.hibernate.dialect.Dialect            : HHH000400: Using dialect: org.hibernate.dialect.MySQL5Dialect
2018-02-15 08:52:39.153  INFO 19544 --- [main] j.LocalContainerEntityManagerFactoryBean : Initialized JPA EntityManagerFactory for persistence unit 'default'
2018-02-15 08:52:39.364  INFO 19544 --- [main] o.h.h.i.QueryTranslatorFactoryInitiator  : HHH000397: Using ASTQueryTranslatorFactory
2018-02-15 08:52:39.879  INFO 19544 --- [main] s.w.s.m.m.a.RequestMappingHandlerAdapter : Looking for @ControllerAdvice: org.springframework.web.context.support.GenericWebApplicationContext@3c947bc5: startup date [Thu Feb 15 08:52:37 CST 2018]; root of context hierarchy
2018-02-15 08:52:39.938  INFO 19544 --- [main] s.w.s.m.m.a.RequestMappingHandlerMapping : Mapped "{[/hello]}" onto public java.lang.String com.springboot.jpa.controller.HelloController.index()
2018-02-15 08:52:39.939  INFO 19544 --- [main] s.w.s.m.m.a.RequestMappingHandlerMapping : Mapped "{[/findByName]}" onto public com.springboot.jpa.entity.User com.springboot.jpa.controller.HelloController.findByUsername(java.lang.String)
2018-02-15 08:52:39.939  INFO 19544 --- [main] s.w.s.m.m.a.RequestMappingHandlerMapping : Mapped "{[/findUser]}" onto public com.springboot.jpa.entity.User com.springboot.jpa.controller.HelloController.findUser(java.lang.String)
2018-02-15 08:52:39.940  INFO 19544 --- [main] s.w.s.m.m.a.RequestMappingHandlerMapping : Mapped "{[/save]}" onto public java.lang.String com.springboot.jpa.controller.HelloController.saveData()
2018-02-15 08:52:39.941  INFO 19544 --- [main] s.w.s.m.m.a.RequestMappingHandlerMapping : Mapped "{[/error]}" onto public org.springframework.http.ResponseEntity<java.util.Map<java.lang.String, java.lang.Object>> org.springframework.boot.autoconfigure.web.BasicErrorController.error(javax.servlet.http.HttpServletRequest)
2018-02-15 08:52:39.941  INFO 19544 --- [main] s.w.s.m.m.a.RequestMappingHandlerMapping : Mapped "{[/error],produces=[text/html]}" onto public org.springframework.web.servlet.ModelAndView org.springframework.boot.autoconfigure.web.BasicErrorController.errorHtml(javax.servlet.http.HttpServletRequest,javax.servlet.http.HttpServletResponse)
2018-02-15 08:52:39.965  INFO 19544 --- [main] o.s.w.s.handler.SimpleUrlHandlerMapping  : Mapped URL path [/webjars/**] onto handler of type [class org.springframework.web.servlet.resource.ResourceHttpRequestHandler]
2018-02-15 08:52:39.965  INFO 19544 --- [main] o.s.w.s.handler.SimpleUrlHandlerMapping  : Mapped URL path [/**] onto handler of type [class org.springframework.web.servlet.resource.ResourceHttpRequestHandler]
2018-02-15 08:52:40.001  INFO 19544 --- [main] o.s.w.s.handler.SimpleUrlHandlerMapping  : Mapped URL path [/**/favicon.ico] onto handler of type [class org.springframework.web.servlet.resource.ResourceHttpRequestHandler]
2018-02-15 08:52:40.220  INFO 19544 --- [main] com.springboot.jpa.UserserviceTest       : Started UserserviceTest in 3.263 seconds (JVM running for 3.79)
2018-02-15 08:52:40.334  INFO 19544 --- [Thread-3] o.s.w.c.s.GenericWebApplicationContext   : Closing org.springframework.web.context.support.GenericWebApplicationContext@3c947bc5: startup date [Thu Feb 15 08:52:37 CST 2018]; root of context hierarchy
2018-02-15 08:52:40.336  INFO 19544 --- [Thread-3] j.LocalContainerEntityManagerFactoryBean : Closing JPA EntityManagerFactory for persistence unit 'default'
2018-02-15 09:06:04.901  INFO 19731 --- [main] com.springboot.jpa.ControllerTest        : Starting ControllerTest on alexs-mbp with PID 19731 (started by alex in /Users/alex/Documents/workspace/BE/Springboot-Jpa-MySQL-UnitTest)
2018-02-15 09:06:04.902  INFO 19731 --- [main] com.springboot.jpa.ControllerTest        : The following profiles are active: prod
2018-02-15 09:06:04.932  INFO 19731 --- [main] o.s.w.c.s.GenericWebApplicationContext   : Refreshing org.springframework.web.context.support.GenericWebApplicationContext@53aad5d5: startup date [Thu Feb 15 09:06:04 CST 2018]; root of context hierarchy
2018-02-15 09:06:05.696  INFO 19731 --- [main] trationDelegate$BeanPostProcessorChecker : Bean 'org.springframework.transaction.annotation.ProxyTransactionManagementConfiguration' of type [org.springframework.transaction.annotation.ProxyTransactionManagementConfiguration$$EnhancerBySpringCGLIB$$8f4b0dc7] is not eligible for getting processed by all BeanPostProcessors (for example: not eligible for auto-proxying)
2018-02-15 09:06:06.355  INFO 19731 --- [main] j.LocalContainerEntityManagerFactoryBean : Building JPA container EntityManagerFactory for persistence unit 'default'
2018-02-15 09:06:06.379  INFO 19731 --- [main] o.hibernate.jpa.internal.util.LogHelper  : HHH000204: Processing PersistenceUnitInfo [
	name: default
	...]
2018-02-15 09:06:06.440  INFO 19731 --- [main] org.hibernate.Version                    : HHH000412: Hibernate Core {5.0.12.Final}
2018-02-15 09:06:06.441  INFO 19731 --- [main] org.hibernate.cfg.Environment            : HHH000206: hibernate.properties not found
2018-02-15 09:06:06.443  INFO 19731 --- [main] org.hibernate.cfg.Environment            : HHH000021: Bytecode provider name : javassist
2018-02-15 09:06:06.475  INFO 19731 --- [main] o.hibernate.annotations.common.Version   : HCANN000001: Hibernate Commons Annotations {5.0.1.Final}
2018-02-15 09:06:06.567  INFO 19731 --- [main] org.hibernate.dialect.Dialect            : HHH000400: Using dialect: org.hibernate.dialect.MySQL5Dialect
2018-02-15 09:06:06.942  INFO 19731 --- [main] j.LocalContainerEntityManagerFactoryBean : Initialized JPA EntityManagerFactory for persistence unit 'default'
2018-02-15 09:06:07.151  INFO 19731 --- [main] o.h.h.i.QueryTranslatorFactoryInitiator  : HHH000397: Using ASTQueryTranslatorFactory
2018-02-15 09:06:07.666  INFO 19731 --- [main] s.w.s.m.m.a.RequestMappingHandlerAdapter : Looking for @ControllerAdvice: org.springframework.web.context.support.GenericWebApplicationContext@53aad5d5: startup date [Thu Feb 15 09:06:04 CST 2018]; root of context hierarchy
2018-02-15 09:06:07.728  INFO 19731 --- [main] s.w.s.m.m.a.RequestMappingHandlerMapping : Mapped "{[/hello]}" onto public java.lang.String com.springboot.jpa.controller.HelloController.index()
2018-02-15 09:06:07.729  INFO 19731 --- [main] s.w.s.m.m.a.RequestMappingHandlerMapping : Mapped "{[/save]}" onto public java.lang.String com.springboot.jpa.controller.HelloController.saveData()
2018-02-15 09:06:07.729  INFO 19731 --- [main] s.w.s.m.m.a.RequestMappingHandlerMapping : Mapped "{[/findByName]}" onto public com.springboot.jpa.entity.User com.springboot.jpa.controller.HelloController.findByUsername(java.lang.String)
2018-02-15 09:06:07.730  INFO 19731 --- [main] s.w.s.m.m.a.RequestMappingHandlerMapping : Mapped "{[/findUser]}" onto public com.springboot.jpa.entity.User com.springboot.jpa.controller.HelloController.findUser(java.lang.String)
2018-02-15 09:06:07.731  INFO 19731 --- [main] s.w.s.m.m.a.RequestMappingHandlerMapping : Mapped "{[/error]}" onto public org.springframework.http.ResponseEntity<java.util.Map<java.lang.String, java.lang.Object>> org.springframework.boot.autoconfigure.web.BasicErrorController.error(javax.servlet.http.HttpServletRequest)
2018-02-15 09:06:07.731  INFO 19731 --- [main] s.w.s.m.m.a.RequestMappingHandlerMapping : Mapped "{[/error],produces=[text/html]}" onto public org.springframework.web.servlet.ModelAndView org.springframework.boot.autoconfigure.web.BasicErrorController.errorHtml(javax.servlet.http.HttpServletRequest,javax.servlet.http.HttpServletResponse)
2018-02-15 09:06:07.756  INFO 19731 --- [main] o.s.w.s.handler.SimpleUrlHandlerMapping  : Mapped URL path [/webjars/**] onto handler of type [class org.springframework.web.servlet.resource.ResourceHttpRequestHandler]
2018-02-15 09:06:07.756  INFO 19731 --- [main] o.s.w.s.handler.SimpleUrlHandlerMapping  : Mapped URL path [/**] onto handler of type [class org.springframework.web.servlet.resource.ResourceHttpRequestHandler]
2018-02-15 09:06:07.790  INFO 19731 --- [main] o.s.w.s.handler.SimpleUrlHandlerMapping  : Mapped URL path [/**/favicon.ico] onto handler of type [class org.springframework.web.servlet.resource.ResourceHttpRequestHandler]
2018-02-15 09:06:08.021  INFO 19731 --- [main] com.springboot.jpa.ControllerTest        : Started ControllerTest in 3.343 seconds (JVM running for 3.899)
2018-02-15 09:06:08.044 ERROR 19731 --- [main] o.s.test.context.TestContextManager      : Caught exception while allowing TestExecutionListener [org.springframework.boot.test.autoconfigure.SpringBootDependencyInjectionTestExecutionListener@5123a213] to prepare test instance [com.springboot.jpa.ControllerTest@6cdee57]

org.springframework.beans.factory.UnsatisfiedDependencyException: Error creating bean with name 'com.springboot.jpa.ControllerTest': Unsatisfied dependency expressed through field 'mvc'; nested exception is org.springframework.beans.factory.NoSuchBeanDefinitionException: No qualifying bean of type 'org.springframework.test.web.servlet.MockMvc' available: expected at least 1 bean which qualifies as autowire candidate. Dependency annotations: {@org.springframework.beans.factory.annotation.Autowired(required=true)}
	at org.springframework.beans.factory.annotation.AutowiredAnnotationBeanPostProcessor$AutowiredFieldElement.inject(AutowiredAnnotationBeanPostProcessor.java:588) ~[spring-beans-4.3.14.RELEASE.jar:4.3.14.RELEASE]
	at org.springframework.beans.factory.annotation.InjectionMetadata.inject(InjectionMetadata.java:88) ~[spring-beans-4.3.14.RELEASE.jar:4.3.14.RELEASE]
	at org.springframework.beans.factory.annotation.AutowiredAnnotationBeanPostProcessor.postProcessPropertyValues(AutowiredAnnotationBeanPostProcessor.java:366) ~[spring-beans-4.3.14.RELEASE.jar:4.3.14.RELEASE]
	at org.springframework.beans.factory.support.AbstractAutowireCapableBeanFactory.populateBean(AbstractAutowireCapableBeanFactory.java:1264) ~[spring-beans-4.3.14.RELEASE.jar:4.3.14.RELEASE]
	at org.springframework.beans.factory.support.AbstractAutowireCapableBeanFactory.autowireBeanProperties(AbstractAutowireCapableBeanFactory.java:386) ~[spring-beans-4.3.14.RELEASE.jar:4.3.14.RELEASE]
	at org.springframework.test.context.support.DependencyInjectionTestExecutionListener.injectDependencies(DependencyInjectionTestExecutionListener.java:118) ~[spring-test-4.3.14.RELEASE.jar:4.3.14.RELEASE]
	at org.springframework.test.context.support.DependencyInjectionTestExecutionListener.prepareTestInstance(DependencyInjectionTestExecutionListener.java:83) ~[spring-test-4.3.14.RELEASE.jar:4.3.14.RELEASE]
	at org.springframework.boot.test.autoconfigure.SpringBootDependencyInjectionTestExecutionListener.prepareTestInstance(SpringBootDependencyInjectionTestExecutionListener.java:44) ~[spring-boot-test-autoconfigure-1.5.10.RELEASE.jar:1.5.10.RELEASE]
	at org.springframework.test.context.TestContextManager.prepareTestInstance(TestContextManager.java:230) ~[spring-test-4.3.14.RELEASE.jar:4.3.14.RELEASE]
	at org.springframework.test.context.junit4.SpringJUnit4ClassRunner.createTest(SpringJUnit4ClassRunner.java:228) [spring-test-4.3.14.RELEASE.jar:4.3.14.RELEASE]
	at org.springframework.test.context.junit4.SpringJUnit4ClassRunner$1.runReflectiveCall(SpringJUnit4ClassRunner.java:287) [spring-test-4.3.14.RELEASE.jar:4.3.14.RELEASE]
	at org.junit.internal.runners.model.ReflectiveCallable.run(ReflectiveCallable.java:12) [junit-4.12.jar:4.12]
	at org.springframework.test.context.junit4.SpringJUnit4ClassRunner.methodBlock(SpringJUnit4ClassRunner.java:289) [spring-test-4.3.14.RELEASE.jar:4.3.14.RELEASE]
	at org.springframework.test.context.junit4.SpringJUnit4ClassRunner.runChild(SpringJUnit4ClassRunner.java:247) [spring-test-4.3.14.RELEASE.jar:4.3.14.RELEASE]
	at org.springframework.test.context.junit4.SpringJUnit4ClassRunner.runChild(SpringJUnit4ClassRunner.java:94) [spring-test-4.3.14.RELEASE.jar:4.3.14.RELEASE]
	at org.junit.runners.ParentRunner$3.run(ParentRunner.java:290) [junit-4.12.jar:4.12]
	at org.junit.runners.ParentRunner$1.schedule(ParentRunner.java:71) [junit-4.12.jar:4.12]
	at org.junit.runners.ParentRunner.runChildren(ParentRunner.java:288) [junit-4.12.jar:4.12]
	at org.junit.runners.ParentRunner.access$000(ParentRunner.java:58) [junit-4.12.jar:4.12]
	at org.junit.runners.ParentRunner$2.evaluate(ParentRunner.java:268) [junit-4.12.jar:4.12]
	at org.springframework.test.context.junit4.statements.RunBeforeTestClassCallbacks.evaluate(RunBeforeTestClassCallbacks.java:61) [spring-test-4.3.14.RELEASE.jar:4.3.14.RELEASE]
	at org.springframework.test.context.junit4.statements.RunAfterTestClassCallbacks.evaluate(RunAfterTestClassCallbacks.java:70) [spring-test-4.3.14.RELEASE.jar:4.3.14.RELEASE]
	at org.junit.runners.ParentRunner.run(ParentRunner.java:363) [junit-4.12.jar:4.12]
	at org.springframework.test.context.junit4.SpringJUnit4ClassRunner.run(SpringJUnit4ClassRunner.java:191) [spring-test-4.3.14.RELEASE.jar:4.3.14.RELEASE]
	at org.eclipse.jdt.internal.junit4.runner.JUnit4TestReference.run(JUnit4TestReference.java:86) [.cp/:na]
	at org.eclipse.jdt.internal.junit.runner.TestExecution.run(TestExecution.java:38) [.cp/:na]
	at org.eclipse.jdt.internal.junit.runner.RemoteTestRunner.runTests(RemoteTestRunner.java:538) [.cp/:na]
	at org.eclipse.jdt.internal.junit.runner.RemoteTestRunner.runTests(RemoteTestRunner.java:760) [.cp/:na]
	at org.eclipse.jdt.internal.junit.runner.RemoteTestRunner.run(RemoteTestRunner.java:460) [.cp/:na]
	at org.eclipse.jdt.internal.junit.runner.RemoteTestRunner.main(RemoteTestRunner.java:206) [.cp/:na]
Caused by: org.springframework.beans.factory.NoSuchBeanDefinitionException: No qualifying bean of type 'org.springframework.test.web.servlet.MockMvc' available: expected at least 1 bean which qualifies as autowire candidate. Dependency annotations: {@org.springframework.beans.factory.annotation.Autowired(required=true)}
	at org.springframework.beans.factory.support.DefaultListableBeanFactory.raiseNoMatchingBeanFound(DefaultListableBeanFactory.java:1493) ~[spring-beans-4.3.14.RELEASE.jar:4.3.14.RELEASE]
	at org.springframework.beans.factory.support.DefaultListableBeanFactory.doResolveDependency(DefaultListableBeanFactory.java:1104) ~[spring-beans-4.3.14.RELEASE.jar:4.3.14.RELEASE]
	at org.springframework.beans.factory.support.DefaultListableBeanFactory.resolveDependency(DefaultListableBeanFactory.java:1066) ~[spring-beans-4.3.14.RELEASE.jar:4.3.14.RELEASE]
	at org.springframework.beans.factory.annotation.AutowiredAnnotationBeanPostProcessor$AutowiredFieldElement.inject(AutowiredAnnotationBeanPostProcessor.java:585) ~[spring-beans-4.3.14.RELEASE.jar:4.3.14.RELEASE]
	... 29 common frames omitted

2018-02-15 09:06:08.050  INFO 19731 --- [Thread-3] o.s.w.c.s.GenericWebApplicationContext   : Closing org.springframework.web.context.support.GenericWebApplicationContext@53aad5d5: startup date [Thu Feb 15 09:06:04 CST 2018]; root of context hierarchy
2018-02-15 09:06:08.052  INFO 19731 --- [Thread-3] j.LocalContainerEntityManagerFactoryBean : Closing JPA EntityManagerFactory for persistence unit 'default'
2018-02-15 09:06:57.174  INFO 19733 --- [main] com.springboot.jpa.ControllerTest        : Starting ControllerTest on alexs-mbp with PID 19733 (started by alex in /Users/alex/Documents/workspace/BE/Springboot-Jpa-MySQL-UnitTest)
2018-02-15 09:06:57.174  INFO 19733 --- [main] com.springboot.jpa.ControllerTest        : The following profiles are active: prod
2018-02-15 09:06:57.194  INFO 19733 --- [main] o.s.w.c.s.GenericWebApplicationContext   : Refreshing org.springframework.web.context.support.GenericWebApplicationContext@3a6bb9bf: startup date [Thu Feb 15 09:06:57 CST 2018]; root of context hierarchy
2018-02-15 09:06:57.946  INFO 19733 --- [main] trationDelegate$BeanPostProcessorChecker : Bean 'org.springframework.transaction.annotation.ProxyTransactionManagementConfiguration' of type [org.springframework.transaction.annotation.ProxyTransactionManagementConfiguration$$EnhancerBySpringCGLIB$$e466e609] is not eligible for getting processed by all BeanPostProcessors (for example: not eligible for auto-proxying)
2018-02-15 09:06:58.582  INFO 19733 --- [main] j.LocalContainerEntityManagerFactoryBean : Building JPA container EntityManagerFactory for persistence unit 'default'
2018-02-15 09:06:58.594  INFO 19733 --- [main] o.hibernate.jpa.internal.util.LogHelper  : HHH000204: Processing PersistenceUnitInfo [
	name: default
	...]
2018-02-15 09:06:58.651  INFO 19733 --- [main] org.hibernate.Version                    : HHH000412: Hibernate Core {5.0.12.Final}
2018-02-15 09:06:58.652  INFO 19733 --- [main] org.hibernate.cfg.Environment            : HHH000206: hibernate.properties not found
2018-02-15 09:06:58.653  INFO 19733 --- [main] org.hibernate.cfg.Environment            : HHH000021: Bytecode provider name : javassist
2018-02-15 09:06:58.685  INFO 19733 --- [main] o.hibernate.annotations.common.Version   : HCANN000001: Hibernate Commons Annotations {5.0.1.Final}
2018-02-15 09:06:58.774  INFO 19733 --- [main] org.hibernate.dialect.Dialect            : HHH000400: Using dialect: org.hibernate.dialect.MySQL5Dialect
2018-02-15 09:06:59.153  INFO 19733 --- [main] j.LocalContainerEntityManagerFactoryBean : Initialized JPA EntityManagerFactory for persistence unit 'default'
2018-02-15 09:06:59.373  INFO 19733 --- [main] o.h.h.i.QueryTranslatorFactoryInitiator  : HHH000397: Using ASTQueryTranslatorFactory
2018-02-15 09:06:59.620  INFO 19733 --- [main] o.s.b.t.m.w.SpringBootMockServletContext : Initializing Spring FrameworkServlet ''
2018-02-15 09:06:59.620  INFO 19733 --- [main] o.s.t.web.servlet.TestDispatcherServlet  : FrameworkServlet '': initialization started
2018-02-15 09:06:59.760  INFO 19733 --- [main] s.w.s.m.m.a.RequestMappingHandlerMapping : Mapped "{[/hello]}" onto public java.lang.String com.springboot.jpa.controller.HelloController.index()
2018-02-15 09:06:59.761  INFO 19733 --- [main] s.w.s.m.m.a.RequestMappingHandlerMapping : Mapped "{[/findUser]}" onto public com.springboot.jpa.entity.User com.springboot.jpa.controller.HelloController.findUser(java.lang.String)
2018-02-15 09:06:59.761  INFO 19733 --- [main] s.w.s.m.m.a.RequestMappingHandlerMapping : Mapped "{[/save]}" onto public java.lang.String com.springboot.jpa.controller.HelloController.saveData()
2018-02-15 09:06:59.761  INFO 19733 --- [main] s.w.s.m.m.a.RequestMappingHandlerMapping : Mapped "{[/findByName]}" onto public com.springboot.jpa.entity.User com.springboot.jpa.controller.HelloController.findByUsername(java.lang.String)
2018-02-15 09:06:59.764  INFO 19733 --- [main] s.w.s.m.m.a.RequestMappingHandlerMapping : Mapped "{[/error]}" onto public org.springframework.http.ResponseEntity<java.util.Map<java.lang.String, java.lang.Object>> org.springframework.boot.autoconfigure.web.BasicErrorController.error(javax.servlet.http.HttpServletRequest)
2018-02-15 09:06:59.765  INFO 19733 --- [main] s.w.s.m.m.a.RequestMappingHandlerMapping : Mapped "{[/error],produces=[text/html]}" onto public org.springframework.web.servlet.ModelAndView org.springframework.boot.autoconfigure.web.BasicErrorController.errorHtml(javax.servlet.http.HttpServletRequest,javax.servlet.http.HttpServletResponse)
2018-02-15 09:06:59.787  INFO 19733 --- [main] o.s.w.s.handler.SimpleUrlHandlerMapping  : Mapped URL path [/webjars/**] onto handler of type [class org.springframework.web.servlet.resource.ResourceHttpRequestHandler]
2018-02-15 09:06:59.788  INFO 19733 --- [main] o.s.w.s.handler.SimpleUrlHandlerMapping  : Mapped URL path [/**] onto handler of type [class org.springframework.web.servlet.resource.ResourceHttpRequestHandler]
2018-02-15 09:06:59.801  INFO 19733 --- [main] o.s.w.s.handler.SimpleUrlHandlerMapping  : Mapped URL path [/**/favicon.ico] onto handler of type [class org.springframework.web.servlet.resource.ResourceHttpRequestHandler]
2018-02-15 09:06:59.980  INFO 19733 --- [main] s.w.s.m.m.a.RequestMappingHandlerAdapter : Looking for @ControllerAdvice: org.springframework.web.context.support.GenericWebApplicationContext@3a6bb9bf: startup date [Thu Feb 15 09:06:57 CST 2018]; root of context hierarchy
2018-02-15 09:07:00.071  INFO 19733 --- [main] o.s.t.web.servlet.TestDispatcherServlet  : FrameworkServlet '': initialization completed in 451 ms
2018-02-15 09:07:00.300  INFO 19733 --- [main] com.springboot.jpa.ControllerTest        : Started ControllerTest in 3.353 seconds (JVM running for 3.919)
2018-02-15 09:07:00.502  INFO 19733 --- [Thread-4] o.s.w.c.s.GenericWebApplicationContext   : Closing org.springframework.web.context.support.GenericWebApplicationContext@3a6bb9bf: startup date [Thu Feb 15 09:06:57 CST 2018]; root of context hierarchy
2018-02-15 09:07:00.504  INFO 19733 --- [Thread-4] j.LocalContainerEntityManagerFactoryBean : Closing JPA EntityManagerFactory for persistence unit 'default'
2018-02-15 09:10:56.103  INFO 19743 --- [main] com.springboot.jpa.ControllerTest        : Starting ControllerTest on alexs-mbp with PID 19743 (started by alex in /Users/alex/Documents/workspace/BE/Springboot-Jpa-MySQL-UnitTest)
2018-02-15 09:10:56.104  INFO 19743 --- [main] com.springboot.jpa.ControllerTest        : The following profiles are active: prod
2018-02-15 09:10:56.121  INFO 19743 --- [main] o.s.w.c.s.GenericWebApplicationContext   : Refreshing org.springframework.web.context.support.GenericWebApplicationContext@3a6bb9bf: startup date [Thu Feb 15 09:10:56 CST 2018]; root of context hierarchy
2018-02-15 09:10:56.863  INFO 19743 --- [main] trationDelegate$BeanPostProcessorChecker : Bean 'org.springframework.transaction.annotation.ProxyTransactionManagementConfiguration' of type [org.springframework.transaction.annotation.ProxyTransactionManagementConfiguration$$EnhancerBySpringCGLIB$$e7a3d0e6] is not eligible for getting processed by all BeanPostProcessors (for example: not eligible for auto-proxying)
2018-02-15 09:10:57.536  INFO 19743 --- [main] j.LocalContainerEntityManagerFactoryBean : Building JPA container EntityManagerFactory for persistence unit 'default'
2018-02-15 09:10:57.549  INFO 19743 --- [main] o.hibernate.jpa.internal.util.LogHelper  : HHH000204: Processing PersistenceUnitInfo [
	name: default
	...]
2018-02-15 09:10:57.607  INFO 19743 --- [main] org.hibernate.Version                    : HHH000412: Hibernate Core {5.0.12.Final}
2018-02-15 09:10:57.608  INFO 19743 --- [main] org.hibernate.cfg.Environment            : HHH000206: hibernate.properties not found
2018-02-15 09:10:57.609  INFO 19743 --- [main] org.hibernate.cfg.Environment            : HHH000021: Bytecode provider name : javassist
2018-02-15 09:10:57.640  INFO 19743 --- [main] o.hibernate.annotations.common.Version   : HCANN000001: Hibernate Commons Annotations {5.0.1.Final}
2018-02-15 09:10:57.731  INFO 19743 --- [main] org.hibernate.dialect.Dialect            : HHH000400: Using dialect: org.hibernate.dialect.MySQL5Dialect
2018-02-15 09:10:58.122  INFO 19743 --- [main] j.LocalContainerEntityManagerFactoryBean : Initialized JPA EntityManagerFactory for persistence unit 'default'
2018-02-15 09:10:58.348  INFO 19743 --- [main] o.h.h.i.QueryTranslatorFactoryInitiator  : HHH000397: Using ASTQueryTranslatorFactory
2018-02-15 09:10:58.596  INFO 19743 --- [main] o.s.b.t.m.w.SpringBootMockServletContext : Initializing Spring FrameworkServlet ''
2018-02-15 09:10:58.596  INFO 19743 --- [main] o.s.t.web.servlet.TestDispatcherServlet  : FrameworkServlet '': initialization started
2018-02-15 09:10:58.736  INFO 19743 --- [main] s.w.s.m.m.a.RequestMappingHandlerMapping : Mapped "{[/hello]}" onto public java.lang.String com.springboot.jpa.controller.HelloController.index()
2018-02-15 09:10:58.737  INFO 19743 --- [main] s.w.s.m.m.a.RequestMappingHandlerMapping : Mapped "{[/save]}" onto public java.lang.String com.springboot.jpa.controller.HelloController.saveData()
2018-02-15 09:10:58.738  INFO 19743 --- [main] s.w.s.m.m.a.RequestMappingHandlerMapping : Mapped "{[/findByName]}" onto public com.springboot.jpa.entity.User com.springboot.jpa.controller.HelloController.findByUsername(java.lang.String)
2018-02-15 09:10:58.738  INFO 19743 --- [main] s.w.s.m.m.a.RequestMappingHandlerMapping : Mapped "{[/findUser]}" onto public com.springboot.jpa.entity.User com.springboot.jpa.controller.HelloController.findUser(java.lang.String)
2018-02-15 09:10:58.740  INFO 19743 --- [main] s.w.s.m.m.a.RequestMappingHandlerMapping : Mapped "{[/error]}" onto public org.springframework.http.ResponseEntity<java.util.Map<java.lang.String, java.lang.Object>> org.springframework.boot.autoconfigure.web.BasicErrorController.error(javax.servlet.http.HttpServletRequest)
2018-02-15 09:10:58.741  INFO 19743 --- [main] s.w.s.m.m.a.RequestMappingHandlerMapping : Mapped "{[/error],produces=[text/html]}" onto public org.springframework.web.servlet.ModelAndView org.springframework.boot.autoconfigure.web.BasicErrorController.errorHtml(javax.servlet.http.HttpServletRequest,javax.servlet.http.HttpServletResponse)
2018-02-15 09:10:58.762  INFO 19743 --- [main] o.s.w.s.handler.SimpleUrlHandlerMapping  : Mapped URL path [/webjars/**] onto handler of type [class org.springframework.web.servlet.resource.ResourceHttpRequestHandler]
2018-02-15 09:10:58.763  INFO 19743 --- [main] o.s.w.s.handler.SimpleUrlHandlerMapping  : Mapped URL path [/**] onto handler of type [class org.springframework.web.servlet.resource.ResourceHttpRequestHandler]
2018-02-15 09:10:58.777  INFO 19743 --- [main] o.s.w.s.handler.SimpleUrlHandlerMapping  : Mapped URL path [/**/favicon.ico] onto handler of type [class org.springframework.web.servlet.resource.ResourceHttpRequestHandler]
2018-02-15 09:10:58.947  INFO 19743 --- [main] s.w.s.m.m.a.RequestMappingHandlerAdapter : Looking for @ControllerAdvice: org.springframework.web.context.support.GenericWebApplicationContext@3a6bb9bf: startup date [Thu Feb 15 09:10:56 CST 2018]; root of context hierarchy
2018-02-15 09:10:59.039  INFO 19743 --- [main] o.s.t.web.servlet.TestDispatcherServlet  : FrameworkServlet '': initialization completed in 443 ms
2018-02-15 09:10:59.274  INFO 19743 --- [main] com.springboot.jpa.ControllerTest        : Started ControllerTest in 3.396 seconds (JVM running for 3.939)
2018-02-15 09:10:59.450  INFO 19743 --- [Thread-4] o.s.w.c.s.GenericWebApplicationContext   : Closing org.springframework.web.context.support.GenericWebApplicationContext@3a6bb9bf: startup date [Thu Feb 15 09:10:56 CST 2018]; root of context hierarchy
2018-02-15 09:10:59.452  INFO 19743 --- [Thread-4] j.LocalContainerEntityManagerFactoryBean : Closing JPA EntityManagerFactory for persistence unit 'default'
2018-02-15 09:12:04.577  INFO 19748 --- [main] com.springboot.jpa.ControllerTest        : Starting ControllerTest on alexs-mbp with PID 19748 (started by alex in /Users/alex/Documents/workspace/BE/Springboot-Jpa-MySQL-UnitTest)
2018-02-15 09:12:04.578  INFO 19748 --- [main] com.springboot.jpa.ControllerTest        : The following profiles are active: prod
2018-02-15 09:12:04.598  INFO 19748 --- [main] o.s.w.c.s.GenericWebApplicationContext   : Refreshing org.springframework.web.context.support.GenericWebApplicationContext@3a6bb9bf: startup date [Thu Feb 15 09:12:04 CST 2018]; root of context hierarchy
2018-02-15 09:12:05.363  INFO 19748 --- [main] trationDelegate$BeanPostProcessorChecker : Bean 'org.springframework.transaction.annotation.ProxyTransactionManagementConfiguration' of type [org.springframework.transaction.annotation.ProxyTransactionManagementConfiguration$$EnhancerBySpringCGLIB$$e7a3d0e6] is not eligible for getting processed by all BeanPostProcessors (for example: not eligible for auto-proxying)
2018-02-15 09:12:05.967  INFO 19748 --- [main] j.LocalContainerEntityManagerFactoryBean : Building JPA container EntityManagerFactory for persistence unit 'default'
2018-02-15 09:12:05.980  INFO 19748 --- [main] o.hibernate.jpa.internal.util.LogHelper  : HHH000204: Processing PersistenceUnitInfo [
	name: default
	...]
2018-02-15 09:12:06.035  INFO 19748 --- [main] org.hibernate.Version                    : HHH000412: Hibernate Core {5.0.12.Final}
2018-02-15 09:12:06.036  INFO 19748 --- [main] org.hibernate.cfg.Environment            : HHH000206: hibernate.properties not found
2018-02-15 09:12:06.038  INFO 19748 --- [main] org.hibernate.cfg.Environment            : HHH000021: Bytecode provider name : javassist
2018-02-15 09:12:06.068  INFO 19748 --- [main] o.hibernate.annotations.common.Version   : HCANN000001: Hibernate Commons Annotations {5.0.1.Final}
2018-02-15 09:12:06.163  INFO 19748 --- [main] org.hibernate.dialect.Dialect            : HHH000400: Using dialect: org.hibernate.dialect.MySQL5Dialect
2018-02-15 09:12:06.536  INFO 19748 --- [main] j.LocalContainerEntityManagerFactoryBean : Initialized JPA EntityManagerFactory for persistence unit 'default'
2018-02-15 09:12:06.759  INFO 19748 --- [main] o.h.h.i.QueryTranslatorFactoryInitiator  : HHH000397: Using ASTQueryTranslatorFactory
2018-02-15 09:12:07.022  INFO 19748 --- [main] o.s.b.t.m.w.SpringBootMockServletContext : Initializing Spring FrameworkServlet ''
2018-02-15 09:12:07.023  INFO 19748 --- [main] o.s.t.web.servlet.TestDispatcherServlet  : FrameworkServlet '': initialization started
2018-02-15 09:12:07.163  INFO 19748 --- [main] s.w.s.m.m.a.RequestMappingHandlerMapping : Mapped "{[/hello]}" onto public java.lang.String com.springboot.jpa.controller.HelloController.index()
2018-02-15 09:12:07.164  INFO 19748 --- [main] s.w.s.m.m.a.RequestMappingHandlerMapping : Mapped "{[/findUser]}" onto public com.springboot.jpa.entity.User com.springboot.jpa.controller.HelloController.findUser(java.lang.String)
2018-02-15 09:12:07.165  INFO 19748 --- [main] s.w.s.m.m.a.RequestMappingHandlerMapping : Mapped "{[/save]}" onto public java.lang.String com.springboot.jpa.controller.HelloController.saveData()
2018-02-15 09:12:07.165  INFO 19748 --- [main] s.w.s.m.m.a.RequestMappingHandlerMapping : Mapped "{[/findByName]}" onto public com.springboot.jpa.entity.User com.springboot.jpa.controller.HelloController.findByUsername(java.lang.String)
2018-02-15 09:12:07.169  INFO 19748 --- [main] s.w.s.m.m.a.RequestMappingHandlerMapping : Mapped "{[/error]}" onto public org.springframework.http.ResponseEntity<java.util.Map<java.lang.String, java.lang.Object>> org.springframework.boot.autoconfigure.web.BasicErrorController.error(javax.servlet.http.HttpServletRequest)
2018-02-15 09:12:07.170  INFO 19748 --- [main] s.w.s.m.m.a.RequestMappingHandlerMapping : Mapped "{[/error],produces=[text/html]}" onto public org.springframework.web.servlet.ModelAndView org.springframework.boot.autoconfigure.web.BasicErrorController.errorHtml(javax.servlet.http.HttpServletRequest,javax.servlet.http.HttpServletResponse)
2018-02-15 09:12:07.199  INFO 19748 --- [main] o.s.w.s.handler.SimpleUrlHandlerMapping  : Mapped URL path [/webjars/**] onto handler of type [class org.springframework.web.servlet.resource.ResourceHttpRequestHandler]
2018-02-15 09:12:07.199  INFO 19748 --- [main] o.s.w.s.handler.SimpleUrlHandlerMapping  : Mapped URL path [/**] onto handler of type [class org.springframework.web.servlet.resource.ResourceHttpRequestHandler]
2018-02-15 09:12:07.213  INFO 19748 --- [main] o.s.w.s.handler.SimpleUrlHandlerMapping  : Mapped URL path [/**/favicon.ico] onto handler of type [class org.springframework.web.servlet.resource.ResourceHttpRequestHandler]
2018-02-15 09:12:07.389  INFO 19748 --- [main] s.w.s.m.m.a.RequestMappingHandlerAdapter : Looking for @ControllerAdvice: org.springframework.web.context.support.GenericWebApplicationContext@3a6bb9bf: startup date [Thu Feb 15 09:12:04 CST 2018]; root of context hierarchy
2018-02-15 09:12:07.475  INFO 19748 --- [main] o.s.t.web.servlet.TestDispatcherServlet  : FrameworkServlet '': initialization completed in 452 ms
2018-02-15 09:12:07.699  INFO 19748 --- [main] com.springboot.jpa.ControllerTest        : Started ControllerTest in 3.353 seconds (JVM running for 3.897)
2018-02-15 09:12:07.879  INFO 19748 --- [Thread-4] o.s.w.c.s.GenericWebApplicationContext   : Closing org.springframework.web.context.support.GenericWebApplicationContext@3a6bb9bf: startup date [Thu Feb 15 09:12:04 CST 2018]; root of context hierarchy
2018-02-15 09:12:07.881  INFO 19748 --- [Thread-4] j.LocalContainerEntityManagerFactoryBean : Closing JPA EntityManagerFactory for persistence unit 'default'
2018-02-15 09:13:06.053  INFO 19753 --- [main] com.springboot.jpa.ControllerTest        : Starting ControllerTest on alexs-mbp with PID 19753 (started by alex in /Users/alex/Documents/workspace/BE/Springboot-Jpa-MySQL-UnitTest)
2018-02-15 09:13:06.054  INFO 19753 --- [main] com.springboot.jpa.ControllerTest        : The following profiles are active: prod
2018-02-15 09:13:06.072  INFO 19753 --- [main] o.s.w.c.s.GenericWebApplicationContext   : Refreshing org.springframework.web.context.support.GenericWebApplicationContext@3a6bb9bf: startup date [Thu Feb 15 09:13:06 CST 2018]; root of context hierarchy
2018-02-15 09:13:06.852  INFO 19753 --- [main] trationDelegate$BeanPostProcessorChecker : Bean 'org.springframework.transaction.annotation.ProxyTransactionManagementConfiguration' of type [org.springframework.transaction.annotation.ProxyTransactionManagementConfiguration$$EnhancerBySpringCGLIB$$e7a3d0e6] is not eligible for getting processed by all BeanPostProcessors (for example: not eligible for auto-proxying)
2018-02-15 09:13:07.482  INFO 19753 --- [main] j.LocalContainerEntityManagerFactoryBean : Building JPA container EntityManagerFactory for persistence unit 'default'
2018-02-15 09:13:07.495  INFO 19753 --- [main] o.hibernate.jpa.internal.util.LogHelper  : HHH000204: Processing PersistenceUnitInfo [
	name: default
	...]
2018-02-15 09:13:07.551  INFO 19753 --- [main] org.hibernate.Version                    : HHH000412: Hibernate Core {5.0.12.Final}
2018-02-15 09:13:07.553  INFO 19753 --- [main] org.hibernate.cfg.Environment            : HHH000206: hibernate.properties not found
2018-02-15 09:13:07.554  INFO 19753 --- [main] org.hibernate.cfg.Environment            : HHH000021: Bytecode provider name : javassist
2018-02-15 09:13:07.584  INFO 19753 --- [main] o.hibernate.annotations.common.Version   : HCANN000001: Hibernate Commons Annotations {5.0.1.Final}
2018-02-15 09:13:07.679  INFO 19753 --- [main] org.hibernate.dialect.Dialect            : HHH000400: Using dialect: org.hibernate.dialect.MySQL5Dialect
2018-02-15 09:13:08.055  INFO 19753 --- [main] j.LocalContainerEntityManagerFactoryBean : Initialized JPA EntityManagerFactory for persistence unit 'default'
2018-02-15 09:13:08.273  INFO 19753 --- [main] o.h.h.i.QueryTranslatorFactoryInitiator  : HHH000397: Using ASTQueryTranslatorFactory
2018-02-15 09:13:08.527  INFO 19753 --- [main] o.s.b.t.m.w.SpringBootMockServletContext : Initializing Spring FrameworkServlet ''
2018-02-15 09:13:08.527  INFO 19753 --- [main] o.s.t.web.servlet.TestDispatcherServlet  : FrameworkServlet '': initialization started
2018-02-15 09:13:08.664  INFO 19753 --- [main] s.w.s.m.m.a.RequestMappingHandlerMapping : Mapped "{[/hello]}" onto public java.lang.String com.springboot.jpa.controller.HelloController.index()
2018-02-15 09:13:08.664  INFO 19753 --- [main] s.w.s.m.m.a.RequestMappingHandlerMapping : Mapped "{[/save]}" onto public java.lang.String com.springboot.jpa.controller.HelloController.saveData()
2018-02-15 09:13:08.665  INFO 19753 --- [main] s.w.s.m.m.a.RequestMappingHandlerMapping : Mapped "{[/findUser]}" onto public com.springboot.jpa.entity.User com.springboot.jpa.controller.HelloController.findUser(java.lang.String)
2018-02-15 09:13:08.665  INFO 19753 --- [main] s.w.s.m.m.a.RequestMappingHandlerMapping : Mapped "{[/findByName]}" onto public com.springboot.jpa.entity.User com.springboot.jpa.controller.HelloController.findByUsername(java.lang.String)
2018-02-15 09:13:08.668  INFO 19753 --- [main] s.w.s.m.m.a.RequestMappingHandlerMapping : Mapped "{[/error]}" onto public org.springframework.http.ResponseEntity<java.util.Map<java.lang.String, java.lang.Object>> org.springframework.boot.autoconfigure.web.BasicErrorController.error(javax.servlet.http.HttpServletRequest)
2018-02-15 09:13:08.668  INFO 19753 --- [main] s.w.s.m.m.a.RequestMappingHandlerMapping : Mapped "{[/error],produces=[text/html]}" onto public org.springframework.web.servlet.ModelAndView org.springframework.boot.autoconfigure.web.BasicErrorController.errorHtml(javax.servlet.http.HttpServletRequest,javax.servlet.http.HttpServletResponse)
2018-02-15 09:13:08.689  INFO 19753 --- [main] o.s.w.s.handler.SimpleUrlHandlerMapping  : Mapped URL path [/webjars/**] onto handler of type [class org.springframework.web.servlet.resource.ResourceHttpRequestHandler]
2018-02-15 09:13:08.689  INFO 19753 --- [main] o.s.w.s.handler.SimpleUrlHandlerMapping  : Mapped URL path [/**] onto handler of type [class org.springframework.web.servlet.resource.ResourceHttpRequestHandler]
2018-02-15 09:13:08.703  INFO 19753 --- [main] o.s.w.s.handler.SimpleUrlHandlerMapping  : Mapped URL path [/**/favicon.ico] onto handler of type [class org.springframework.web.servlet.resource.ResourceHttpRequestHandler]
2018-02-15 09:13:08.876  INFO 19753 --- [main] s.w.s.m.m.a.RequestMappingHandlerAdapter : Looking for @ControllerAdvice: org.springframework.web.context.support.GenericWebApplicationContext@3a6bb9bf: startup date [Thu Feb 15 09:13:06 CST 2018]; root of context hierarchy
2018-02-15 09:13:08.961  INFO 19753 --- [main] o.s.t.web.servlet.TestDispatcherServlet  : FrameworkServlet '': initialization completed in 434 ms
2018-02-15 09:13:09.202  INFO 19753 --- [main] com.springboot.jpa.ControllerTest        : Started ControllerTest in 3.378 seconds (JVM running for 3.938)
2018-02-15 09:13:09.394  INFO 19753 --- [Thread-4] o.s.w.c.s.GenericWebApplicationContext   : Closing org.springframework.web.context.support.GenericWebApplicationContext@3a6bb9bf: startup date [Thu Feb 15 09:13:06 CST 2018]; root of context hierarchy
2018-02-15 09:13:09.396  INFO 19753 --- [Thread-4] j.LocalContainerEntityManagerFactoryBean : Closing JPA EntityManagerFactory for persistence unit 'default'
2018-02-15 09:51:04.047  INFO 20233 --- [main] com.springboot.jpa.UserJPA               : Starting UserJPA on alexs-mbp with PID 20233 (started by alex in /Users/alex/Documents/workspace/BE/Springboot-Jpa-MySQL-UnitTest)
2018-02-15 09:51:04.047  INFO 20233 --- [main] com.springboot.jpa.UserJPA               : The following profiles are active: prod
2018-02-15 09:51:04.074  INFO 20233 --- [main] o.s.w.c.s.GenericWebApplicationContext   : Refreshing org.springframework.web.context.support.GenericWebApplicationContext@355ce81c: startup date [Thu Feb 15 09:51:04 CST 2018]; root of context hierarchy
2018-02-15 09:51:04.792  INFO 20233 --- [main] trationDelegate$BeanPostProcessorChecker : Bean 'org.springframework.transaction.annotation.ProxyTransactionManagementConfiguration' of type [org.springframework.transaction.annotation.ProxyTransactionManagementConfiguration$$EnhancerBySpringCGLIB$$26a4412f] is not eligible for getting processed by all BeanPostProcessors (for example: not eligible for auto-proxying)
2018-02-15 09:51:05.409  INFO 20233 --- [main] j.LocalContainerEntityManagerFactoryBean : Building JPA container EntityManagerFactory for persistence unit 'default'
2018-02-15 09:51:05.433  INFO 20233 --- [main] o.hibernate.jpa.internal.util.LogHelper  : HHH000204: Processing PersistenceUnitInfo [
	name: default
	...]
2018-02-15 09:51:05.489  INFO 20233 --- [main] org.hibernate.Version                    : HHH000412: Hibernate Core {5.0.12.Final}
2018-02-15 09:51:05.490  INFO 20233 --- [main] org.hibernate.cfg.Environment            : HHH000206: hibernate.properties not found
2018-02-15 09:51:05.492  INFO 20233 --- [main] org.hibernate.cfg.Environment            : HHH000021: Bytecode provider name : javassist
2018-02-15 09:51:05.524  INFO 20233 --- [main] o.hibernate.annotations.common.Version   : HCANN000001: Hibernate Commons Annotations {5.0.1.Final}
2018-02-15 09:51:05.610  INFO 20233 --- [main] org.hibernate.dialect.Dialect            : HHH000400: Using dialect: org.hibernate.dialect.MySQL5Dialect
2018-02-15 09:51:05.990  INFO 20233 --- [main] j.LocalContainerEntityManagerFactoryBean : Initialized JPA EntityManagerFactory for persistence unit 'default'
2018-02-15 09:51:06.202  INFO 20233 --- [main] o.h.h.i.QueryTranslatorFactoryInitiator  : HHH000397: Using ASTQueryTranslatorFactory
2018-02-15 09:51:06.740  INFO 20233 --- [main] s.w.s.m.m.a.RequestMappingHandlerAdapter : Looking for @ControllerAdvice: org.springframework.web.context.support.GenericWebApplicationContext@355ce81c: startup date [Thu Feb 15 09:51:04 CST 2018]; root of context hierarchy
2018-02-15 09:51:06.803  INFO 20233 --- [main] s.w.s.m.m.a.RequestMappingHandlerMapping : Mapped "{[/hello]}" onto public java.lang.String com.springboot.jpa.controller.HelloController.index()
2018-02-15 09:51:06.804  INFO 20233 --- [main] s.w.s.m.m.a.RequestMappingHandlerMapping : Mapped "{[/findByName]}" onto public com.springboot.jpa.entity.User com.springboot.jpa.controller.HelloController.findByUsername(java.lang.String)
2018-02-15 09:51:06.805  INFO 20233 --- [main] s.w.s.m.m.a.RequestMappingHandlerMapping : Mapped "{[/findUser]}" onto public com.springboot.jpa.entity.User com.springboot.jpa.controller.HelloController.findUser(java.lang.String)
2018-02-15 09:51:06.805  INFO 20233 --- [main] s.w.s.m.m.a.RequestMappingHandlerMapping : Mapped "{[/save]}" onto public java.lang.String com.springboot.jpa.controller.HelloController.saveData()
2018-02-15 09:51:06.807  INFO 20233 --- [main] s.w.s.m.m.a.RequestMappingHandlerMapping : Mapped "{[/error]}" onto public org.springframework.http.ResponseEntity<java.util.Map<java.lang.String, java.lang.Object>> org.springframework.boot.autoconfigure.web.BasicErrorController.error(javax.servlet.http.HttpServletRequest)
2018-02-15 09:51:06.807  INFO 20233 --- [main] s.w.s.m.m.a.RequestMappingHandlerMapping : Mapped "{[/error],produces=[text/html]}" onto public org.springframework.web.servlet.ModelAndView org.springframework.boot.autoconfigure.web.BasicErrorController.errorHtml(javax.servlet.http.HttpServletRequest,javax.servlet.http.HttpServletResponse)
2018-02-15 09:51:06.830  INFO 20233 --- [main] o.s.w.s.handler.SimpleUrlHandlerMapping  : Mapped URL path [/webjars/**] onto handler of type [class org.springframework.web.servlet.resource.ResourceHttpRequestHandler]
2018-02-15 09:51:06.830  INFO 20233 --- [main] o.s.w.s.handler.SimpleUrlHandlerMapping  : Mapped URL path [/**] onto handler of type [class org.springframework.web.servlet.resource.ResourceHttpRequestHandler]
2018-02-15 09:51:06.868  INFO 20233 --- [main] o.s.w.s.handler.SimpleUrlHandlerMapping  : Mapped URL path [/**/favicon.ico] onto handler of type [class org.springframework.web.servlet.resource.ResourceHttpRequestHandler]
2018-02-15 09:51:07.070  INFO 20233 --- [main] com.springboot.jpa.UserJPA               : Started UserJPA in 3.244 seconds (JVM running for 3.823)
2018-02-15 09:51:07.155  INFO 20233 --- [Thread-3] o.s.w.c.s.GenericWebApplicationContext   : Closing org.springframework.web.context.support.GenericWebApplicationContext@355ce81c: startup date [Thu Feb 15 09:51:04 CST 2018]; root of context hierarchy
2018-02-15 09:51:07.157  INFO 20233 --- [Thread-3] j.LocalContainerEntityManagerFactoryBean : Closing JPA EntityManagerFactory for persistence unit 'default'
